\BOOKMARK [1][]{section.1}{I Introduction}{}% 1
\BOOKMARK [1][]{section.2}{II Related work}{}% 2
\BOOKMARK [2][]{subsection.2.1}{II-A Motion planning for conveyor pickup task}{section.2}% 3
\BOOKMARK [2][]{subsection.2.2}{II-B Preprocessing-based planning}{section.2}% 4
\BOOKMARK [2][]{subsection.2.3}{II-C Online replanning and real time planning}{section.2}% 5
\BOOKMARK [1][]{section.3}{III Problem definition}{}% 6
\BOOKMARK [1][]{section.4}{IV Algorithmic framework}{}% 7
\BOOKMARK [2][]{subsection.4.1}{IV-A Straw man approach}{section.4}% 8
\BOOKMARK [2][]{subsection.4.2}{IV-B Algorithmic approach}{section.4}% 9
\BOOKMARK [2][]{subsection.4.3}{IV-C Algorithmic building blocks}{section.4}% 10
\BOOKMARK [3][]{subsubsection.4.3.1}{IV-C1 Motion planner}{subsection.4.3}% 11
\BOOKMARK [3][]{subsubsection.4.3.2}{IV-C2 Planning using experiences}{subsection.4.3}% 12
\BOOKMARK [2][]{subsection.4.4}{IV-D Algorithmic details}{section.4}% 13
\BOOKMARK [3][]{figure.caption.4}{IV-D1 Preprocessing}{subsection.4.4}% 14
\BOOKMARK [3][]{subsubsection.4.4.2}{IV-D2 Query}{subsection.4.4}% 15
\BOOKMARK [2][]{subsection.4.5}{IV-E Theoretical guarantees}{section.4}% 16
\BOOKMARK [1][]{section.5}{V Evaluation}{}% 17
\BOOKMARK [2][]{subsection.5.1}{V-A Experimental setup}{section.5}% 18
\BOOKMARK [3][]{subsubsection.5.1.1}{V-A1 Perception system P}{subsection.5.1}% 19
\BOOKMARK [3][]{subsubsection.5.1.2}{V-A2 Sense-plan-act cycle}{subsection.5.1}% 20
\BOOKMARK [3][]{subsubsection.5.1.3}{V-A3 Goal region specification}{subsection.5.1}% 21
\BOOKMARK [2][]{subsection.5.2}{V-B Results}{section.5}% 22
\BOOKMARK [3][]{subsubsection.5.2.1}{V-B1 Real-robot experiments}{subsection.5.2}% 23
\BOOKMARK [3][]{subsubsection.5.2.2}{V-B2 Simulation experiments}{subsection.5.2}% 24
